<?xml version="1.0" encoding="UTF-8"?>
<!-- Generated by org.testng.reporters.JUnitXMLReporter -->
<testsuite ignored="0" hostname="LAPTOP-9U3QRVBE" failures="0" tests="4" name="Test" time="57.16" errors="0" timestamp="2023-07-19T14:30:17 IST">
  <testcase classname="LoginFunctionTest.Swaglabs_loginFunction" name="varifyHomeText" time="1.878"/>
  <testcase classname="LoginTest.SwabLabs_Login" name="varifyText" time="0.193"/>
  <testcase classname="BuyTest.BuyFunctionality_Test" name="varifyPaymentText" time="0.145"/>
  <testcase classname="CartTest.CartFunctionality_Test" name="varifyCartText" time="0.13"/>
</testsuite> <!-- Test -->
