<?xml version="1.0" encoding="UTF-8"?>
<testng-results ignored="0" total="1" passed="1" failed="0" skipped="0">
  <reporter-output>
  </reporter-output>
  <suite started-at="2023-07-24T20:15:35 IST" name="Default suite" finished-at="2023-07-24T20:16:19 IST" duration-ms="44226">
    <groups>
    </groups>
    <test started-at="2023-07-24T20:15:35 IST" name="Default test" finished-at="2023-07-24T20:16:19 IST" duration-ms="44226">
      <class name="LoginFunctionTest.Swaglabs_loginFunction">
        <test-method is-config="true" signature="openBrowser()[pri:0, instance:LoginFunctionTest.Swaglabs_loginFunction@201a4587]" started-at="2023-07-24T20:15:35 IST" name="openBrowser" finished-at="2023-07-24T20:16:05 IST" duration-ms="30157" status="PASS">
          <reporter-output>
          </reporter-output>
        </test-method> <!-- openBrowser -->
        <test-method is-config="true" signature="loginToApp()[pri:0, instance:LoginFunctionTest.Swaglabs_loginFunction@201a4587]" started-at="2023-07-24T20:16:05 IST" name="loginToApp" finished-at="2023-07-24T20:16:08 IST" duration-ms="2648" status="PASS">
          <reporter-output>
          </reporter-output>
        </test-method> <!-- loginToApp -->
        <test-method signature="varifyHomeText()[pri:0, instance:LoginFunctionTest.Swaglabs_loginFunction@201a4587]" started-at="2023-07-24T20:16:08 IST" name="varifyHomeText" finished-at="2023-07-24T20:16:14 IST" duration-ms="6481" status="PASS">
          <reporter-output>
          </reporter-output>
        </test-method> <!-- varifyHomeText -->
        <test-method is-config="true" signature="logOutApp()[pri:0, instance:LoginFunctionTest.Swaglabs_loginFunction@201a4587]" started-at="2023-07-24T20:16:14 IST" name="logOutApp" finished-at="2023-07-24T20:16:16 IST" duration-ms="2270" status="PASS">
          <reporter-output>
          </reporter-output>
        </test-method> <!-- logOutApp -->
        <test-method is-config="true" signature="closeBrowser()[pri:0, instance:LoginFunctionTest.Swaglabs_loginFunction@201a4587]" started-at="2023-07-24T20:16:17 IST" name="closeBrowser" finished-at="2023-07-24T20:16:19 IST" duration-ms="2470" status="PASS">
          <reporter-output>
          </reporter-output>
        </test-method> <!-- closeBrowser -->
      </class> <!-- LoginFunctionTest.Swaglabs_loginFunction -->
    </test> <!-- Default test -->
  </suite> <!-- Default suite -->
</testng-results>
